2025-08-17 22:06:09,787 - 
=== Тест 1 ===
2025-08-17 22:06:09,787 - Рослини: 2 4 6 8
2025-08-17 22:06:09,787 - Зомбі: 1 3 5 7
2025-08-17 22:06:09,787 - Очікуваний результат: True
2025-08-17 22:06:09,787 - Початок обробки вхідних даних
2025-08-17 22:06:09,787 - Початковий список рослин: [2, 4, 6, 8]
2025-08-17 22:06:09,787 - Початковий список зомбі: [1, 3, 5, 7]
2025-08-17 22:06:09,787 - Рослин вижило: 4
2025-08-17 22:06:09,787 - Зомбі вижило: 0
2025-08-17 22:06:09,787 - Початкова сила рослин: 20
2025-08-17 22:06:09,787 - Початкова сила зомбі: 16
2025-08-17 22:06:09,788 - Перемога рослин (більше вижило)
2025-08-17 22:06:09,788 - Отриманий результат: True
2025-08-17 22:06:09,788 - Тест пройдений
2025-08-17 22:06:09,788 - 
=== Тест 2 ===
2025-08-17 22:06:09,788 - Рослини: 2 4
2025-08-17 22:06:09,788 - Зомбі: 1 3 5 7
2025-08-17 22:06:09,788 - Очікуваний результат: False
2025-08-17 22:06:09,788 - Початок обробки вхідних даних
2025-08-17 22:06:09,788 - Початковий список рослин: [2, 4]
2025-08-17 22:06:09,788 - Початковий список зомбі: [1, 3, 5, 7]
2025-08-17 22:06:09,788 - Рослин вижило: 2
2025-08-17 22:06:09,788 - Зомбі вижило: 2
2025-08-17 22:06:09,788 - Початкова сила рослин: 6
2025-08-17 22:06:09,788 - Початкова сила зомбі: 16
2025-08-17 22:06:09,788 - Нічия - перевірка сили
2025-08-17 22:06:09,788 - Отриманий результат: False
2025-08-17 22:06:09,788 - Тест пройдений
2025-08-17 22:06:09,788 - 
=== Тест 3 ===
2025-08-17 22:06:09,788 - Рослини: 2 4 0 8
2025-08-17 22:06:09,788 - Зомбі: 1 3 5 7
2025-08-17 22:06:09,788 - Очікуваний результат: True
2025-08-17 22:06:09,788 - Початок обробки вхідних даних
2025-08-17 22:06:09,788 - Початковий список рослин: [2, 4, 0, 8]
2025-08-17 22:06:09,788 - Початковий список зомбі: [1, 3, 5, 7]
2025-08-17 22:06:09,788 - Рослин вижило: 3
2025-08-17 22:06:09,788 - Зомбі вижило: 1
2025-08-17 22:06:09,789 - Початкова сила рослин: 14
2025-08-17 22:06:09,789 - Початкова сила зомбі: 16
2025-08-17 22:06:09,789 - Перемога рослин (більше вижило)
2025-08-17 22:06:09,789 - Отриманий результат: True
2025-08-17 22:06:09,789 - Тест пройдений
2025-08-17 22:06:09,789 - 
=== Тест 4 ===
2025-08-17 22:06:09,789 - Рослини: 1 2 1 1
2025-08-17 22:06:09,789 - Зомбі: 2 1 1 1
2025-08-17 22:06:09,789 - Очікуваний результат: True
2025-08-17 22:06:09,789 - Початок обробки вхідних даних
2025-08-17 22:06:09,789 - Початковий список рослин: [1, 2, 1, 1]
2025-08-17 22:06:09,789 - Початковий список зомбі: [2, 1, 1, 1]
2025-08-17 22:06:09,789 - Рослин вижило: 1
2025-08-17 22:06:09,789 - Зомбі вижило: 1
2025-08-17 22:06:09,789 - Початкова сила рослин: 5
2025-08-17 22:06:09,789 - Початкова сила зомбі: 5
2025-08-17 22:06:09,789 - Нічия - перевірка сили
2025-08-17 22:06:09,789 - Отриманий результат: True
2025-08-17 22:06:09,789 - Тест пройдений
